[01:28:47] [Client thread/INFO]: Setting user: Player218
[01:28:49] [Client thread/INFO]: LWJGL Version: 2.9.4
[01:28:52] [Client thread/INFO]: Reloading ResourceManager: Default, FMLFileResourcePack:Forge Mod Loader, FMLFileResourcePack:Minecraft Forge
[01:28:52] [Sound Library Loader/INFO]: Starting up SoundSystem...
[01:28:52] [Thread-9/INFO]: Initializing LWJGL OpenAL
[01:28:52] [Thread-9/INFO]: (The LWJGL binding of OpenAL.  For more information, see http://www.lwjgl.org)
[01:28:52] [Thread-9/INFO]: OpenAL initialized.
[01:28:53] [Sound Library Loader/INFO]: Sound engine started
[01:28:55] [Client thread/INFO]: Created: 16x16 textures-atlas
[01:28:56] [Client thread/INFO]: Reloading ResourceManager: Default, FMLFileResourcePack:Forge Mod Loader, FMLFileResourcePack:Minecraft Forge
[01:28:56] [Client thread/INFO]: SoundSystem shutting down...
[01:28:56] [Client thread/WARN]: Author: Paul Lamb, www.paulscode.com
[01:28:56] [Sound Library Loader/INFO]: Starting up SoundSystem...
[01:28:56] [Thread-11/INFO]: Initializing LWJGL OpenAL
[01:28:56] [Thread-11/INFO]: (The LWJGL binding of OpenAL.  For more information, see http://www.lwjgl.org)
[01:28:56] [Thread-11/INFO]: OpenAL initialized.
[01:28:57] [Sound Library Loader/INFO]: Sound engine started
[01:28:59] [Client thread/INFO]: Created: 512x512 textures-atlas
[01:29:28] [Client thread/INFO]: Stopping!
[01:29:28] [Client thread/INFO]: SoundSystem shutting down...
[01:29:28] [Client thread/WARN]: Author: Paul Lamb, www.paulscode.com
